

Version:	3.8
CmdLine:	C:\Users\Ari School\Documents\Eclipse\Sign-In\Sign-In Logger.exe --l4j-debug
WOW64:		yes
Working dir:	C:\Users\Ari School\Documents\Eclipse\Sign-In\.
64-bit search:	SOFTWARE\JavaSoft\Java Runtime Environment...
Check:		SOFTWARE\JavaSoft\Java Runtime Environment\1.8
Check launcher:	C:\Program Files\Java\jre1.8.0_31\bin\javaw.exe (OK)
Match:		1.8
Check:		SOFTWARE\JavaSoft\Java Runtime Environment\1.8.0_31
Check launcher:	C:\Program Files\Java\jre1.8.0_31\bin\javaw.exe (OK)
Match:		1.8.0_31
64-bit search:	SOFTWARE\JavaSoft\Java Development Kit...
Check:		SOFTWARE\JavaSoft\Java Development Kit\1.7
Ignore:		1.7
Check:		SOFTWARE\JavaSoft\Java Development Kit\1.7.0_40
Ignore:		1.7.0_40
Check:		SOFTWARE\JavaSoft\Java Development Kit\1.7.0_45
Ignore:		1.7.0_45
Runtime used:	1.8.0_31 (64-bit)
Launcher:	C:\Program Files\Java\jre1.8.0_31\bin\javaw.exe
Launcher args:	-jar "C:\Users\Ari School\Documents\Eclipse\Sign-In\Sign-In Logger.exe"
Args length:	71/32768 chars
Exit code:	0


Version:	3.8
CmdLine:	C:\Users\Team423-2\Documents\Eclipse Workspace\Sign-In\Sign-In Logger.exe --l4j-debug
WOW64:		yes
Working dir:	C:\Users\Team423-2\Documents\Eclipse Workspace\Sign-In\.
64-bit search:	SOFTWARE\JavaSoft\Java Runtime Environment...
32-bit search:	SOFTWARE\JavaSoft\Java Runtime Environment...
Check:		SOFTWARE\JavaSoft\Java Runtime Environment\1.7
Check launcher:	C:\Program Files (x86)\Java\jre7\bin\javaw.exe (OK)
Match:		1.7
Check:		SOFTWARE\JavaSoft\Java Runtime Environment\1.7.0_51
Check launcher:	C:\Program Files (x86)\Java\jre7\bin\javaw.exe (OK)
Match:		1.7.0_51
64-bit search:	SOFTWARE\JavaSoft\Java Development Kit...
Check:		SOFTWARE\JavaSoft\Java Development Kit\1.8
Check launcher:	C:\Program Files\Java\jdk1.8.0_65\jre\bin\javaw.exe (OK)
Match:		1.8
Check:		SOFTWARE\JavaSoft\Java Development Kit\1.8.0_65
Check launcher:	C:\Program Files\Java\jdk1.8.0_65\jre\bin\javaw.exe (OK)
Match:		1.8.0_65
Runtime used:	1.8.0_65 (64-bit)
Launcher:	C:\Program Files\Java\jdk1.8.0_65\jre\bin\javaw.exe
Launcher args:	-jar "C:\Users\Team423-2\Documents\Eclipse Workspace\Sign-In\Sign-In Logger.exe"
Args length:	80/32768 chars
Exit code:	0


Version:	3.8
CmdLine:	C:\Users\Team423-2\Documents\Eclipse Workspace\Sign-In\Sign-In Logger.exe --l4j-debug
WOW64:		yes
Working dir:	C:\Users\Team423-2\Documents\Eclipse Workspace\Sign-In\.
64-bit search:	SOFTWARE\JavaSoft\Java Runtime Environment...
32-bit search:	SOFTWARE\JavaSoft\Java Runtime Environment...
Check:		SOFTWARE\JavaSoft\Java Runtime Environment\1.7
Check launcher:	C:\Program Files (x86)\Java\jre7\bin\javaw.exe (OK)
Match:		1.7
Check:		SOFTWARE\JavaSoft\Java Runtime Environment\1.7.0_51
Check launcher:	C:\Program Files (x86)\Java\jre7\bin\javaw.exe (OK)
Match:		1.7.0_51
64-bit search:	SOFTWARE\JavaSoft\Java Development Kit...
Check:		SOFTWARE\JavaSoft\Java Development Kit\1.8
Check launcher:	C:\Program Files\Java\jdk1.8.0_65\jre\bin\javaw.exe (OK)
Match:		1.8
Check:		SOFTWARE\JavaSoft\Java Development Kit\1.8.0_65
Check launcher:	C:\Program Files\Java\jdk1.8.0_65\jre\bin\javaw.exe (OK)
Match:		1.8.0_65
Runtime used:	1.8.0_65 (64-bit)
Launcher:	C:\Program Files\Java\jdk1.8.0_65\jre\bin\javaw.exe
Launcher args:	-jar "C:\Users\Team423-2\Documents\Eclipse Workspace\Sign-In\Sign-In Logger.exe"
Args length:	80/32768 chars
Exit code:	0
